<?xml version="1.0" encoding="UTF-8"?>
<!-- Generated by org.testng.reporters.JUnitReportReporter -->
<testsuite hostname="DESKTOP-IF6FI3L" failures="0" tests="1" name="TestNG.DragnDrop" time="11.969" errors="0" timestamp="2024-08-20T15:19:56 IST" skipped="0">
  <testcase classname="TestNG.DragnDrop" name="test1" time="11.969"/>
  <system-out/>
</testsuite> <!-- TestNG.DragnDrop -->
