<?xml version="1.0" encoding="UTF-8"?>
<!-- Generated by org.testng.reporters.JUnitReportReporter -->
<testsuite hostname="DESKTOP-IF6FI3L" failures="0" tests="1" name="TestNG.SwaglabsDataDrivenTesting" time="8.419" errors="0" timestamp="2024-09-01T22:10:34 IST" skipped="0">
  <testcase classname="TestNG.SwaglabsDataDrivenTesting" name="test1" time="8.419"/>
  <system-out/>
</testsuite> <!-- TestNG.SwaglabsDataDrivenTesting -->
