<?xml version="1.0" encoding="UTF-8"?>
<!-- Generated by org.testng.reporters.JUnitReportReporter -->
<testsuite hostname="DESKTOP-IF6FI3L" failures="0" tests="4" name="TestNG.TestNGDemo" time="0.058" errors="0" timestamp="2024-08-16T15:39:20 IST" skipped="0">
  <testcase classname="TestNG.TestNGDemo" name="test3" time="0.021"/>
  <system-out/>
  <testcase classname="TestNG.TestNGDemo" name="test2" time="0.029"/>
  <system-out/>
  <testcase classname="TestNG.TestNGDemo" name="test2" time="0.002"/>
  <system-out/>
  <testcase classname="TestNG.TestNGDemo" name="test1" time="0.006"/>
  <system-out/>
</testsuite> <!-- TestNG.TestNGDemo -->
