<?xml version="1.0" encoding="UTF-8"?>
<!-- Generated by org.testng.reporters.JUnitReportReporter -->
<testsuite hostname="DESKTOP-IF6FI3L" failures="0" tests="1" name="TestNG.Windowhandleprogram" time="8.322" errors="0" timestamp="2024-08-25T16:41:04 IST" skipped="0">
  <testcase classname="TestNG.Windowhandleprogram" name="test1" time="8.322"/>
  <system-out/>
</testsuite> <!-- TestNG.Windowhandleprogram -->
