<?xml version="1.0" encoding="UTF-8"?>
<!-- Generated by org.testng.reporters.JUnitReportReporter -->
<testsuite hostname="DESKTOP-IF6FI3L" failures="0" tests="3" name="TestNG.CrossBrowserTesting" time="14.636" errors="0" timestamp="2024-08-20T12:16:11 IST" skipped="0">
  <testcase classname="TestNG.CrossBrowserTesting" name="fb" time="3.717"/>
  <system-out/>
  <testcase classname="TestNG.CrossBrowserTesting" name="fb" time="6.806"/>
  <system-out/>
  <testcase classname="TestNG.CrossBrowserTesting" name="fb" time="4.113"/>
  <system-out/>
</testsuite> <!-- TestNG.CrossBrowserTesting -->
