<?xml version="1.0" encoding="UTF-8"?>
<!-- Generated by org.testng.reporters.JUnitReportReporter -->
<testsuite hostname="DESKTOP-IF6FI3L" failures="0" tests="1" name="TestNG.DatadrivenTesting" time="27.720" errors="0" timestamp="2024-08-27T19:16:54 IST" skipped="0">
  <testcase classname="TestNG.DatadrivenTesting" name="test1" time="27.720"/>
  <system-out/>
</testsuite> <!-- TestNG.DatadrivenTesting -->
