<?xml version="1.0" encoding="UTF-8"?>
<!-- Generated by org.testng.reporters.JUnitReportReporter -->
<testsuite hostname="DESKTOP-IF6FI3L" failures="0" tests="1" name="TestNG.FileuploadProgram" time="10.363" errors="0" timestamp="2024-08-21T12:20:12 IST" skipped="0">
  <testcase classname="TestNG.FileuploadProgram" name="test1" time="10.363"/>
  <system-out/>
</testsuite> <!-- TestNG.FileuploadProgram -->
