<?xml version="1.0" encoding="UTF-8"?>
<!-- Generated by org.testng.reporters.JUnitReportReporter -->
<testsuite hostname="DESKTOP-IF6FI3L" failures="0" tests="1" name="TestNG.DatePicker" time="5.642" errors="0" timestamp="2024-09-02T12:31:29 IST" skipped="0">
  <testcase classname="TestNG.DatePicker" name="test1" time="5.642"/>
  <system-out/>
</testsuite> <!-- TestNG.DatePicker -->
