<?xml version="1.0" encoding="UTF-8"?>
<!-- Generated by org.testng.reporters.JUnitReportReporter -->
<testsuite hostname="DESKTOP-IF6FI3L" failures="0" tests="1" name="Test.BlazedemoLoginTest" time="3.620" errors="0" timestamp="2024-08-26T15:55:51 IST" skipped="0">
  <testcase classname="Test.BlazedemoLoginTest" name="logintest" time="3.620"/>
  <system-out/>
</testsuite> <!-- Test.BlazedemoLoginTest -->
