<?xml version="1.0" encoding="UTF-8"?>
<!-- Generated by org.testng.reporters.JUnitReportReporter -->
<testsuite hostname="DESKTOP-IF6FI3L" failures="0" tests="3" name="TestNG.TestNGGrouping" time="0.033" errors="0" timestamp="2024-08-19T21:27:01 IST" skipped="0">
  <testcase classname="TestNG.TestNGGrouping" name="main2" time="0.010"/>
  <system-out/>
  <testcase classname="TestNG.TestNGGrouping" name="main1" time="0.020"/>
  <system-out/>
  <testcase classname="TestNG.TestNGGrouping" name="main4" time="0.003"/>
  <system-out/>
</testsuite> <!-- TestNG.TestNGGrouping -->
