<?xml version="1.0" encoding="UTF-8"?>
<!-- Generated by org.testng.reporters.JUnitReportReporter -->
<testsuite hostname="DESKTOP-IF6FI3L" failures="0" tests="1" name="Test.FbLoginTest" time="2.478" errors="0" timestamp="2024-08-26T15:13:36 IST" skipped="0">
  <testcase classname="Test.FbLoginTest" name="testlogin" time="2.478"/>
  <system-out/>
</testsuite> <!-- Test.FbLoginTest -->
