<?xml version="1.0" encoding="UTF-8"?>
<!-- Generated by org.testng.reporters.JUnitReportReporter -->
<testsuite hostname="DESKTOP-IF6FI3L" failures="0" tests="1" name="TestNG.ScrollDownPrgrm" time="7.384" errors="0" timestamp="2024-08-27T15:11:43 IST" skipped="0">
  <testcase classname="TestNG.ScrollDownPrgrm" name="test1" time="7.384"/>
  <system-out/>
</testsuite> <!-- TestNG.ScrollDownPrgrm -->
