<?xml version="1.0" encoding="UTF-8"?>
<!-- Generated by org.testng.reporters.JUnitReportReporter -->
<testsuite hostname="DESKTOP-IF6FI3L" failures="0" tests="1" name="TestNG.ActionsProgram" time="5.412" errors="0" timestamp="2024-08-20T14:34:53 IST" skipped="0">
  <testcase classname="TestNG.ActionsProgram" name="test1" time="5.412"/>
  <system-out/>
</testsuite> <!-- TestNG.ActionsProgram -->
