<?xml version="1.0" encoding="UTF-8"?>
<!-- Generated by org.testng.reporters.JUnitReportReporter -->
<testsuite hostname="DESKTOP-IF6FI3L" failures="0" tests="1" name="SeleniumTesting.ScrolldownPrgrm" time="7.864" errors="0" timestamp="2024-08-27T15:04:46 IST" skipped="0">
  <testcase classname="SeleniumTesting.ScrolldownPrgrm" name="test1" time="7.864"/>
  <system-out/>
</testsuite> <!-- SeleniumTesting.ScrolldownPrgrm -->
