<?xml version="1.0" encoding="UTF-8"?>
<!-- Generated by org.testng.reporters.JUnitReportReporter -->
<testsuite hostname="DESKTOP-IF6FI3L" failures="0" tests="1" name="TestNG.MousehoverProgram" time="8.944" errors="0" timestamp="2024-08-22T14:51:52 IST" skipped="0">
  <testcase classname="TestNG.MousehoverProgram" name="test1" time="8.944"/>
  <system-out/>
</testsuite> <!-- TestNG.MousehoverProgram -->
