<?xml version="1.0" encoding="UTF-8"?>
<!-- Generated by org.testng.reporters.JUnitReportReporter -->
<testsuite hostname="DESKTOP-IF6FI3L" failures="0" tests="1" name="Test.FBlogintest1" time="2.856" errors="0" timestamp="2024-08-26T15:37:23 IST" skipped="0">
  <testcase classname="Test.FBlogintest1" name="testlogin" time="2.856"/>
  <system-out/>
</testsuite> <!-- Test.FBlogintest1 -->
