<?xml version="1.0" encoding="UTF-8"?>
<!-- Generated by org.testng.reporters.JUnitReportReporter -->
<testsuite hostname="DESKTOP-IF6FI3L" failures="0" tests="1" name="TestNG.RightnDoubleClick" time="4.669" errors="0" timestamp="2024-08-20T15:51:20 IST" skipped="0">
  <testcase classname="TestNG.RightnDoubleClick" name="test1" time="4.669"/>
  <system-out/>
</testsuite> <!-- TestNG.RightnDoubleClick -->
