<?xml version="1.0" encoding="UTF-8"?>
<!-- Generated by org.testng.reporters.JUnitReportReporter -->
<testsuite hostname="DESKTOP-IF6FI3L" failures="0" tests="1" name="testpkg.Fbtest" time="6.125" errors="0" timestamp="2024-08-29T20:02:55 IST" skipped="0">
  <testcase classname="testpkg.Fbtest" name="verifyLoginWithValidCred" time="6.125"/>
  <system-out/>
</testsuite> <!-- testpkg.Fbtest -->
