<?xml version="1.0" encoding="UTF-8"?>
<!-- Generated by org.testng.reporters.JUnitReportReporter -->
<testsuite hostname="DESKTOP-IF6FI3L" failures="0" tests="1" name="TestNG.AutoITProgram" time="45.625" errors="0" timestamp="2024-09-11T14:49:59 IST" skipped="0">
  <testcase classname="TestNG.AutoITProgram" name="test1" time="45.625"/>
  <system-out/>
</testsuite> <!-- TestNG.AutoITProgram -->
