<?xml version="1.0" encoding="UTF-8"?>
<!-- Generated by org.testng.reporters.JUnitReportReporter -->
<testsuite hostname="DESKTOP-IF6FI3L" failures="0" tests="1" name="TestNG.NotificationHandlingProgram" time="6.302" errors="0" timestamp="2024-08-29T16:16:40 IST" skipped="0">
  <testcase classname="TestNG.NotificationHandlingProgram" name="url" time="6.302"/>
  <system-out/>
</testsuite> <!-- TestNG.NotificationHandlingProgram -->
