<?xml version="1.0" encoding="UTF-8"?>
<!-- Generated by org.testng.reporters.JUnitReportReporter -->
<testsuite hostname="DESKTOP-IF6FI3L" failures="0" tests="1" name="TestNG.TestNGParameters" time="0.020" errors="0" timestamp="2024-08-19T21:41:29 IST" skipped="0">
  <testcase classname="TestNG.TestNGParameters" name="main" time="0.020"/>
  <system-out/>
</testsuite> <!-- TestNG.TestNGParameters -->
