<?xml version="1.0" encoding="UTF-8"?>
<!-- Generated by org.testng.reporters.JUnitReportReporter -->
<testsuite hostname="DESKTOP-IF6FI3L" failures="0" tests="1" name="Test.BlazedemoRegisterTest" time="4.052" errors="0" timestamp="2024-08-26T16:09:40 IST" skipped="0">
  <testcase classname="Test.BlazedemoRegisterTest" name="registertest" time="4.052"/>
  <system-out/>
</testsuite> <!-- Test.BlazedemoRegisterTest -->
