<?xml version="1.0" encoding="UTF-8"?>
<!-- Generated by org.testng.reporters.JUnitReportReporter -->
<testsuite hostname="DESKTOP-IF6FI3L" failures="0" tests="1" name="TestNG.AmazonWindownHandling" time="23.823" errors="0" timestamp="2024-09-05T15:28:36 IST" skipped="0">
  <testcase classname="TestNG.AmazonWindownHandling" name="test1" time="23.823"/>
  <system-out/>
</testsuite> <!-- TestNG.AmazonWindownHandling -->
